<?xml version="1.0" encoding="UTF-8"?>
<testng-results skipped="0" failed="0" total="1" passed="1">
  <reporter-output>
  </reporter-output>
  <suite name="Webcom" duration-ms="19887" started-at="2017-09-30T09:09:48Z" finished-at="2017-09-30T09:10:08Z">
    <groups>
    </groups>
    <test name="WebcomTest" duration-ms="19887" started-at="2017-09-30T09:09:48Z" finished-at="2017-09-30T09:10:08Z">
      <class name="com.webcom.test.ValidLogin">
        <test-method status="PASS" signature="precondition()[pri:0, instance:com.webcom.test.ValidLogin@42d3bd8b]" name="precondition" is-config="true" duration-ms="9359" started-at="2017-09-30T14:39:48Z" finished-at="2017-09-30T14:39:58Z">
          <reporter-output>
          </reporter-output>
        </test-method> <!-- precondition -->
        <test-method status="PASS" signature="testValidLogin()[pri:1, instance:com.webcom.test.ValidLogin@42d3bd8b]" name="testValidLogin" duration-ms="9826" started-at="2017-09-30T14:39:58Z" finished-at="2017-09-30T14:40:08Z">
          <reporter-output>
          </reporter-output>
        </test-method> <!-- testValidLogin -->
        <test-method status="PASS" signature="postCondition()[pri:0, instance:com.webcom.test.ValidLogin@42d3bd8b]" name="postCondition" is-config="true" duration-ms="682" started-at="2017-09-30T14:40:08Z" finished-at="2017-09-30T14:40:08Z">
          <reporter-output>
          </reporter-output>
        </test-method> <!-- postCondition -->
      </class> <!-- com.webcom.test.ValidLogin -->
    </test> <!-- WebcomTest -->
  </suite> <!-- Webcom -->
</testng-results>
