<?xml version="1.0" encoding="UTF-8"?>
<testng-results skipped="0" failed="0" ignored="0" total="1" passed="1">
  <reporter-output>
  </reporter-output>
  <suite name="Webcom" duration-ms="24139" started-at="2017-09-30T09:09:05Z" finished-at="2017-09-30T09:09:30Z">
    <groups>
    </groups>
    <test name="WebcomTest" duration-ms="24139" started-at="2017-09-30T09:09:05Z" finished-at="2017-09-30T09:09:30Z">
      <class name="com.webcom.test.ValidLogin">
        <test-method status="PASS" signature="precondition()[pri:0, instance:com.webcom.test.ValidLogin@6f7fd0e6]" name="precondition" is-config="true" duration-ms="13890" started-at="2017-09-30T14:39:05Z" finished-at="2017-09-30T14:39:19Z">
          <reporter-output>
          </reporter-output>
        </test-method> <!-- precondition -->
        <test-method status="PASS" signature="testValidLogin()[pri:1, instance:com.webcom.test.ValidLogin@6f7fd0e6]" name="testValidLogin" duration-ms="9238" started-at="2017-09-30T14:39:19Z" finished-at="2017-09-30T14:39:29Z">
          <reporter-output>
          </reporter-output>
        </test-method> <!-- testValidLogin -->
        <test-method status="PASS" signature="postCondition()[pri:0, instance:com.webcom.test.ValidLogin@6f7fd0e6]" name="postCondition" is-config="true" duration-ms="990" started-at="2017-09-30T14:39:29Z" finished-at="2017-09-30T14:39:30Z">
          <reporter-output>
          </reporter-output>
        </test-method> <!-- postCondition -->
      </class> <!-- com.webcom.test.ValidLogin -->
    </test> <!-- WebcomTest -->
  </suite> <!-- Webcom -->
</testng-results>
